<?xml version="1.0" encoding="UTF-8"?>
<robot generator="Robot 6.1 (Python 3.11.3 on win32)" generated="20231108 15:57:55.244" rpa="false" schemaversion="4">
<suite id="s1" name="Tenth" source="C:\Users\ADMIN\PycharmProjects\robotautomation\fresh_start\Automation_excerscie\tenth.robot">
<test id="s1-t1" name="Verify Subscription in home page" line="18">
<kw name="Open Browser" library="SeleniumLibrary">
<arg>http://automationexercise.com</arg>
<arg>chrome</arg>
<doc>Opens a new browser instance to the optional ``url``.</doc>
<msg timestamp="20231108 15:57:55.981" level="INFO">Opening browser 'chrome' to base url 'http://automationexercise.com'.</msg>
<status status="PASS" starttime="20231108 15:57:55.981" endtime="20231108 15:58:05.817"/>
</kw>
<kw name="Wait Until Page Contains" library="SeleniumLibrary">
<arg>Home</arg>
<arg>timeout=5s</arg>
<doc>Waits until ``text`` appears on the current page.</doc>
<status status="PASS" starttime="20231108 15:58:05.820" endtime="20231108 15:58:05.853"/>
</kw>
<kw name="Scroll Element Into View" library="SeleniumLibrary">
<arg>xpath=//*[@id="footer"]/div[2]/div/div</arg>
<doc>Scrolls the element identified by ``locator`` into view.</doc>
<status status="PASS" starttime="20231108 15:58:05.870" endtime="20231108 15:58:06.205"/>
</kw>
<kw name="Sleep" library="BuiltIn">
<arg>2s</arg>
<doc>Pauses the test executed for the given time.</doc>
<msg timestamp="20231108 15:58:08.206" level="INFO">Slept 2 seconds</msg>
<status status="PASS" starttime="20231108 15:58:06.205" endtime="20231108 15:58:08.206"/>
</kw>
<kw name="Page Should Contain" library="SeleniumLibrary">
<arg>Subscription</arg>
<arg>timeout=5s</arg>
<doc>Verifies that current page contains ``text``.</doc>
<msg timestamp="20231108 15:58:08.284" level="INFO">Current page contains text 'Subscription'.</msg>
<status status="PASS" starttime="20231108 15:58:08.206" endtime="20231108 15:58:08.284"/>
</kw>
<kw name="Input Text" library="SeleniumLibrary">
<arg>id=susbscribe_email</arg>
<arg>add9311@gmail.com</arg>
<doc>Types the given ``text`` into the text field identified by ``locator``.</doc>
<msg timestamp="20231108 15:58:08.284" level="INFO">Typing text 'add9311@gmail.com' into text field 'id=susbscribe_email'.</msg>
<status status="PASS" starttime="20231108 15:58:08.284" endtime="20231108 15:58:08.639"/>
</kw>
<kw name="Click Button" library="SeleniumLibrary">
<arg>id=subscribe</arg>
<doc>Clicks the button identified by ``locator``.</doc>
<msg timestamp="20231108 15:58:08.639" level="INFO">Clicking button 'id=subscribe'.</msg>
<status status="PASS" starttime="20231108 15:58:08.639" endtime="20231108 15:58:08.828"/>
</kw>
<kw name="Wait Until Page Contains" library="SeleniumLibrary">
<arg>You have been successfully subscribed!</arg>
<doc>Waits until ``text`` appears on the current page.</doc>
<status status="PASS" starttime="20231108 15:58:08.828" endtime="20231108 15:58:08.875"/>
</kw>
<kw name="Sleep" library="BuiltIn">
<arg>3s</arg>
<doc>Pauses the test executed for the given time.</doc>
<msg timestamp="20231108 15:58:11.876" level="INFO">Slept 3 seconds</msg>
<status status="PASS" starttime="20231108 15:58:08.875" endtime="20231108 15:58:11.876"/>
</kw>
<kw name="Close Browser" library="SeleniumLibrary">
<doc>Closes the current browser.</doc>
<status status="PASS" starttime="20231108 15:58:11.876" endtime="20231108 15:58:14.582"/>
</kw>
<status status="PASS" starttime="20231108 15:57:55.981" endtime="20231108 15:58:14.582"/>
</test>
<doc>Verify text 'SUBSCRIPTION'
'You have been successfully subscribed!' is visible</doc>
<status status="PASS" starttime="20231108 15:57:55.244" endtime="20231108 15:58:14.582"/>
</suite>
<statistics>
<total>
<stat pass="1" fail="0" skip="0">All Tests</stat>
</total>
<tag>
</tag>
<suite>
<stat pass="1" fail="0" skip="0" id="s1" name="Tenth">Tenth</stat>
</suite>
</statistics>
<errors>
</errors>
</robot>
